<?xml version="1.0" encoding="UTF-8"?>
<testsuite name="ejemplo.TestAll" tests="1" skipped="0" failures="0" errors="0" timestamp="2014-06-27T04:04:16" hostname="Winbugs7" time="0.0040">
  <properties/>
  <testcase name="testSaludo" classname="ejemplo.TestAll" time="0.0040"/>
  <system-out><![CDATA[]]></system-out>
  <system-err><![CDATA[]]></system-err>
</testsuite>
